TN:
SF:/Users/adam/WebstormProjects/staking-platform-fixed-apy/contracts/StakingPlatform.sol
FN:25,constructor
FN:37,startStaking
FN:43,deposit
FN:61,withdraw
FN:72,claimRewards
FN:81,amountStaked
FN:85,totalDeposited
FN:89,_calculatedReward
FN:95,_percentageTimeRemaining
FNF:9
FNH:9
FNDA:3,constructor
FNDA:2,startStaking
FNDA:11,deposit
FNDA:7,withdraw
FNDA:22,claimRewards
FNDA:7,amountStaked
FNDA:1,totalDeposited
FNDA:88,_calculatedReward
FNDA:89,_percentageTimeRemaining
DA:31,3
DA:32,3
DA:33,3
DA:34,3
DA:38,2
DA:39,1
DA:40,1
DA:44,11
DA:48,10
DA:52,9
DA:53,9
DA:54,2
DA:56,9
DA:57,8
DA:58,8
DA:62,7
DA:66,6
DA:67,6
DA:68,6
DA:69,6
DA:73,22
DA:74,22
DA:75,21
DA:76,21
DA:77,21
DA:78,21
DA:82,7
DA:86,1
DA:90,88
DA:96,89
DA:97,59
DA:98,59
DA:100,30
LF:33
LH:33
BRDA:38,1,0,1
BRDA:38,1,1,1
BRDA:44,2,0,10
BRDA:44,2,1,1
BRDA:48,3,0,9
BRDA:48,3,1,1
BRDA:53,4,0,2
BRDA:53,4,1,7
BRDA:56,5,0,8
BRDA:56,5,1,1
BRDA:62,6,0,6
BRDA:62,6,1,1
BRDA:74,7,0,21
BRDA:74,7,1,1
BRDA:96,8,0,59
BRDA:96,8,1,30
BRF:16
BRH:16
end_of_record
TN:
SF:/Users/adam/WebstormProjects/staking-platform-fixed-apy/contracts/TesterStakingPlatform.sol
FN:12,constructor
FN:14,setPrecision
FN:18,calculatedReward
FN:22,percentageTimeRemaining
FNF:4
FNH:4
FNDA:3,constructor
FNDA:2,setPrecision
FNDA:36,calculatedReward
FNDA:1,percentageTimeRemaining
DA:15,2
DA:19,36
DA:23,1
LF:3
LH:3
BRF:0
BRH:0
end_of_record
